[21:28:37] [main/ERROR]: Can't find the resource index file: assets\indexes\1.7.10.json
[21:28:37] [main/INFO]: Setting user: ShutDoWeed
[21:28:37] [main/INFO]: (Session ID is token:0:ShutDoWeed)
[21:28:37] [main/INFO]: Nombre d'item dans le shop: 6
[21:28:37] [Client thread/INFO]: [OptiFine] (Reflector) Class not present: ModLoader
[21:28:37] [Client thread/INFO]: [OptiFine] (Reflector) Class not present: FMLRenderAccessLibrary
[21:28:37] [Client thread/INFO]: [OptiFine] (Reflector) Class not present: net.minecraft.src.FMLRenderAccessLibrary
[21:28:37] [Client thread/INFO]: [OptiFine] (Reflector) Class not present: LightCache
[21:28:37] [Client thread/INFO]: [OptiFine] (Reflector) Class not present: BlockCoord
[21:28:37] [Client thread/INFO]: [OptiFine] (Reflector) Class not present: net.minecraftforge.common.MinecraftForge
[21:28:37] [Client thread/INFO]: [OptiFine] (Reflector) Class not present: net.minecraftforge.common.ForgeHooks
[21:28:37] [Client thread/INFO]: [OptiFine] (Reflector) Class not present: net.minecraftforge.client.MinecraftForgeClient
[21:28:37] [Client thread/INFO]: [OptiFine] (Reflector) Class not present: net.minecraftforge.client.ForgeHooksClient
[21:28:37] [Client thread/INFO]: [OptiFine] (Reflector) Class not present: cpw.mods.fml.common.FMLCommonHandler
[21:28:37] [Client thread/INFO]: [OptiFine] (Reflector) Class not present: cpw.mods.fml.client.FMLClientHandler
[21:28:37] [Client thread/INFO]: [OptiFine] (Reflector) Class not present: net.minecraftforge.client.IItemRenderer$ItemRenderType
[21:28:37] [Client thread/INFO]: [OptiFine] (Reflector) Method not present: net.minecraft.world.WorldProvider.getSkyRenderer
[21:28:37] [Client thread/INFO]: [OptiFine] (Reflector) Method not present: net.minecraft.world.WorldProvider.getCloudRenderer
[21:28:37] [Client thread/INFO]: [OptiFine] (Reflector) Method not present: net.minecraft.world.WorldProvider.getWeatherRenderer
[21:28:37] [Client thread/INFO]: [OptiFine] (Reflector) Method not present: net.minecraft.world.World.countEntities
[21:28:37] [Client thread/INFO]: [OptiFine] (Reflector) Method not present: net.minecraft.world.World.finishSetup
[21:28:37] [Client thread/INFO]: [OptiFine] (Reflector) Class not present: net.minecraftforge.client.IRenderHandler
[21:28:37] [Client thread/INFO]: [OptiFine] (Reflector) Class not present: net.minecraftforge.common.DimensionManager
[21:28:37] [Client thread/INFO]: [OptiFine] (Reflector) Class not present: net.minecraftforge.event.world.WorldEvent$Load
[21:28:37] [Client thread/INFO]: [OptiFine] (Reflector) Class not present: net.minecraftforge.client.event.GuiScreenEvent$DrawScreenEvent$Pre
[21:28:37] [Client thread/INFO]: [OptiFine] (Reflector) Class not present: net.minecraftforge.client.event.GuiScreenEvent$DrawScreenEvent$Post
[21:28:37] [Client thread/INFO]: [OptiFine] (Reflector) Class not present: net.minecraftforge.client.event.EntityViewRenderEvent$FogColors
[21:28:37] [Client thread/INFO]: [OptiFine] (Reflector) Class not present: net.minecraftforge.client.event.EntityViewRenderEvent$FogDensity
[21:28:37] [Client thread/INFO]: [OptiFine] (Reflector) Class not present: net.minecraftforge.client.event.EntityViewRenderEvent$RenderFogEvent
[21:28:37] [Client thread/INFO]: [OptiFine] (Reflector) Class not present: net.minecraftforge.client.event.RenderItemInFrameEvent
[21:28:37] [Client thread/INFO]: [OptiFine] (Reflector) Class not present: net.minecraftforge.client.event.RenderLivingEvent$Pre
[21:28:37] [Client thread/INFO]: [OptiFine] (Reflector) Class not present: net.minecraftforge.client.event.RenderLivingEvent$Post
[21:28:37] [Client thread/INFO]: [OptiFine] (Reflector) Class not present: net.minecraftforge.client.event.RenderLivingEvent$Specials$Pre
[21:28:37] [Client thread/INFO]: [OptiFine] (Reflector) Class not present: net.minecraftforge.client.event.RenderLivingEvent$Specials$Post
[21:28:37] [Client thread/INFO]: [OptiFine] (Reflector) Class not present: cpw.mods.fml.common.eventhandler.EventBus
[21:28:37] [Client thread/INFO]: [OptiFine] (Reflector) Class not present: cpw.mods.fml.common.eventhandler.Event$Result
[21:28:37] [Client thread/INFO]: [OptiFine] (Reflector) Class not present: net.minecraftforge.event.ForgeEventFactory
[21:28:37] [Client thread/INFO]: [OptiFine] (Reflector) Class not present: net.minecraftforge.event.world.ChunkWatchEvent$UnWatch
[21:28:37] [Client thread/INFO]: [OptiFine] (Reflector) Method not present: net.minecraft.block.Block.getBedDirection
[21:28:37] [Client thread/INFO]: [OptiFine] (Reflector) Method not present: net.minecraft.block.Block.isBed
[21:28:37] [Client thread/INFO]: [OptiFine] (Reflector) Method not present: net.minecraft.block.Block.isBedFoot
[21:28:37] [Client thread/INFO]: [OptiFine] (Reflector) Method not present: net.minecraft.block.Block.canRenderInPass
[21:28:37] [Client thread/INFO]: [OptiFine] (Reflector) Method not present: net.minecraft.block.Block.hasTileEntity
[21:28:37] [Client thread/INFO]: [OptiFine] (Reflector) Method not present: net.minecraft.block.Block.canCreatureSpawn
[21:28:37] [Client thread/INFO]: [OptiFine] (Reflector) Field not present: net.minecraft.entity.Entity.captureDrops
[21:28:37] [Client thread/INFO]: [OptiFine] (Reflector) Field not present: net.minecraft.entity.Entity.capturedDrops
[21:28:37] [Client thread/INFO]: [OptiFine] (Reflector) Method not present: net.minecraft.entity.Entity.shouldRenderInPass
[21:28:37] [Client thread/INFO]: [OptiFine] (Reflector) Method not present: net.minecraft.entity.Entity.canRiderInteract
[21:28:37] [Client thread/INFO]: [OptiFine] (Reflector) Method not present: net.minecraft.tileentity.TileEntity.shouldRenderInPass
[21:28:37] [Client thread/INFO]: [OptiFine] (Reflector) Method not present: net.minecraft.tileentity.TileEntity.getRenderBoundingBox
[21:28:37] [Client thread/INFO]: [OptiFine] (Reflector) Method not present: net.minecraft.item.Item.onEntitySwing
[21:28:37] [Client thread/INFO]: [OptiFine] (Reflector) Method not present: net.minecraft.potion.PotionEffect.isCurativeItem
[21:28:37] [Client thread/INFO]: [OptiFine] (Reflector) Method not present: net.minecraft.item.ItemStack.hasEffect
[21:28:37] [Client thread/INFO]: [OptiFine] (Reflector) Method not present: net.minecraft.item.ItemRecord.getRecordResource
[21:28:37] [Client thread/INFO]: [OptiFine] (Reflector) Class not present: net.minecraft.launchwrapper.Launch
[21:28:37] [Client thread/INFO]: [OptiFine] (Reflector) Class not present: cpw.mods.fml.client.SplashProgress
[21:28:37] [Client thread/INFO]: [OptiFine] (Reflector) Class not present: optifine.OptiFineClassTransformer
[21:28:37] [Client thread/INFO]: LWJGL Version: 2.9.1
[21:28:38] [Client thread/INFO]: [OptiFine] 
[21:28:38] [Client thread/INFO]: [OptiFine] OptiFine_1.7.10_HD_U_D7
[21:28:38] [Client thread/INFO]: [OptiFine] Build: null
[21:28:38] [Client thread/INFO]: [OptiFine] OS: Windows 10 (amd64) version 10.0
[21:28:38] [Client thread/INFO]: [OptiFine] Java: 1.8.0_201, Oracle Corporation
[21:28:38] [Client thread/INFO]: [OptiFine] VM: Java HotSpot(TM) 64-Bit Server VM (mixed mode), Oracle Corporation
[21:28:38] [Client thread/INFO]: [OptiFine] LWJGL: 2.9.1
[21:28:38] [Client thread/INFO]: [OptiFine] OpenGL: GeForce GTX 1080/PCIe/SSE2, version 4.6.0 NVIDIA 419.35, NVIDIA Corporation
[21:28:38] [Client thread/INFO]: [OptiFine] OpenGL Version: 4.6.0
[21:28:38] [Client thread/INFO]: [OptiFine] Maximum texture size: 32768x32768
[21:28:38] [Thread-4/INFO]: [OptiFine] Checking for new version
[21:28:38] [Client thread/INFO]: [Shaders] ShadersMod version: 2.4.12
[21:28:38] [Client thread/INFO]: [Shaders] OpenGL Version: 4.6.0 NVIDIA 419.35
[21:28:38] [Client thread/INFO]: [Shaders] Vendor:  NVIDIA Corporation
[21:28:38] [Client thread/INFO]: [Shaders] Renderer: GeForce GTX 1080/PCIe/SSE2
[21:28:38] [Client thread/INFO]: [Shaders] Capabilities:  2.0  2.1  3.0  3.2  4.0 
[21:28:38] [Client thread/INFO]: [Shaders] GL_MAX_DRAW_BUFFERS: 8
[21:28:38] [Client thread/INFO]: [Shaders] GL_MAX_COLOR_ATTACHMENTS_EXT: 8
[21:28:38] [Client thread/INFO]: [Shaders] GL_MAX_TEXTURE_IMAGE_UNITS: 32
[21:28:38] [Client thread/INFO]: [Shaders] Load ShadersMod configuration.
[21:28:38] [Client thread/INFO]: [Shaders] Save ShadersMod configuration.
[21:28:38] [Client thread/INFO]: [Shaders] No shaderpack loaded.
[21:28:38] [Thread-4/INFO]: [OptiFine] Version found: E7
[21:28:39] [Client thread/INFO]: Reloading ResourceManager: Default
[21:28:39] [Client thread/INFO]: [OptiFine] *** Reloading textures ***
[21:28:39] [Client thread/INFO]: [OptiFine] Resource packs: Default
[21:28:39] [Client thread/INFO]: [OptiFine] ConnectedTextures: mcpatcher/ctm/default/0_glass_white/glass_pane_white.properties
[21:28:39] [Client thread/INFO]: [OptiFine] ConnectedTextures: mcpatcher/ctm/default/0_glass_white/glass_white.properties
[21:28:39] [Client thread/INFO]: [OptiFine] ConnectedTextures: mcpatcher/ctm/default/10_glass_purple/glass_pane_purple.properties
[21:28:39] [Client thread/INFO]: [OptiFine] ConnectedTextures: mcpatcher/ctm/default/10_glass_purple/glass_purple.properties
[21:28:39] [Client thread/INFO]: [OptiFine] ConnectedTextures: mcpatcher/ctm/default/11_glass_blue/glass_blue.properties
[21:28:39] [Client thread/INFO]: [OptiFine] ConnectedTextures: mcpatcher/ctm/default/11_glass_blue/glass_pane_blue.properties
[21:28:39] [Client thread/INFO]: [OptiFine] ConnectedTextures: mcpatcher/ctm/default/12_glass_brown/glass_brown.properties
[21:28:39] [Sound Library Loader/INFO]: Sound engine started
[21:28:39] [Client thread/INFO]: [OptiFine] ConnectedTextures: mcpatcher/ctm/default/12_glass_brown/glass_pane_brown.properties
[21:28:39] [Client thread/INFO]: [OptiFine] ConnectedTextures: mcpatcher/ctm/default/13_glass_green/glass_green.properties
[21:28:39] [Client thread/INFO]: [OptiFine] ConnectedTextures: mcpatcher/ctm/default/13_glass_green/glass_pane_green.properties
[21:28:39] [Client thread/INFO]: [OptiFine] ConnectedTextures: mcpatcher/ctm/default/14_glass_red/glass_pane_red.properties
[21:28:39] [Client thread/INFO]: [OptiFine] ConnectedTextures: mcpatcher/ctm/default/14_glass_red/glass_red.properties
[21:28:39] [Client thread/INFO]: [OptiFine] ConnectedTextures: mcpatcher/ctm/default/15_glass_black/glass_black.properties
[21:28:40] [Client thread/INFO]: [OptiFine] ConnectedTextures: mcpatcher/ctm/default/15_glass_black/glass_pane_black.properties
[21:28:40] [Client thread/INFO]: [OptiFine] ConnectedTextures: mcpatcher/ctm/default/1_glass_orange/glass_orange.properties
[21:28:40] [Client thread/INFO]: [OptiFine] ConnectedTextures: mcpatcher/ctm/default/1_glass_orange/glass_pane_orange.properties
[21:28:40] [Client thread/INFO]: [OptiFine] ConnectedTextures: mcpatcher/ctm/default/2_glass_magenta/glass_magenta.properties
[21:28:40] [Client thread/INFO]: [OptiFine] ConnectedTextures: mcpatcher/ctm/default/2_glass_magenta/glass_pane_magenta.properties
[21:28:40] [Client thread/INFO]: [OptiFine] ConnectedTextures: mcpatcher/ctm/default/3_glass_light_blue/glass_light_blue.properties
[21:28:40] [Client thread/INFO]: [OptiFine] ConnectedTextures: mcpatcher/ctm/default/3_glass_light_blue/glass_pane_light_blue.properties
[21:28:40] [Client thread/INFO]: [OptiFine] ConnectedTextures: mcpatcher/ctm/default/4_glass_yellow/glass_pane_yellow.properties
[21:28:40] [Client thread/INFO]: [OptiFine] ConnectedTextures: mcpatcher/ctm/default/4_glass_yellow/glass_yellow.properties
[21:28:40] [Client thread/INFO]: [OptiFine] ConnectedTextures: mcpatcher/ctm/default/5_glass_lime/glass_lime.properties
[21:28:40] [Client thread/INFO]: [OptiFine] ConnectedTextures: mcpatcher/ctm/default/5_glass_lime/glass_pane_lime.properties
[21:28:40] [Client thread/INFO]: [OptiFine] ConnectedTextures: mcpatcher/ctm/default/6_glass_pink/glass_pane_pink.properties
[21:28:40] [Client thread/INFO]: [OptiFine] ConnectedTextures: mcpatcher/ctm/default/6_glass_pink/glass_pink.properties
[21:28:40] [Client thread/INFO]: [OptiFine] ConnectedTextures: mcpatcher/ctm/default/7_glass_gray/glass_gray.properties
[21:28:40] [Client thread/INFO]: [OptiFine] ConnectedTextures: mcpatcher/ctm/default/7_glass_gray/glass_pane_gray.properties
[21:28:40] [Client thread/INFO]: [OptiFine] ConnectedTextures: mcpatcher/ctm/default/8_glass_silver/glass_pane_silver.properties
[21:28:40] [Client thread/INFO]: [OptiFine] ConnectedTextures: mcpatcher/ctm/default/8_glass_silver/glass_silver.properties
[21:28:40] [Client thread/INFO]: [OptiFine] ConnectedTextures: mcpatcher/ctm/default/9_glass_cyan/glass_cyan.properties
[21:28:40] [Client thread/INFO]: [OptiFine] ConnectedTextures: mcpatcher/ctm/default/9_glass_cyan/glass_pane_cyan.properties
[21:28:40] [Client thread/INFO]: [OptiFine] ConnectedTextures: mcpatcher/ctm/default/bookshelf.properties
[21:28:40] [Client thread/INFO]: [OptiFine] ConnectedTextures: mcpatcher/ctm/default/glass.properties
[21:28:40] [Client thread/INFO]: [OptiFine] ConnectedTextures: mcpatcher/ctm/default/glasspane.properties
[21:28:40] [Client thread/INFO]: [OptiFine] ConnectedTextures: mcpatcher/ctm/default/sandstone.properties
[21:28:40] [Client thread/INFO]: [OptiFine] Multipass connected textures: false
[21:28:40] [Client thread/INFO]: [OptiFine] Loading texture map: textures/blocks
[21:28:40] [Client thread/INFO]: [OptiFine] ConnectedTextures: mcpatcher/ctm/default/0_glass_white/glass_pane_white.properties
[21:28:40] [Client thread/INFO]: [OptiFine] ConnectedTextures: mcpatcher/ctm/default/0_glass_white/glass_white.properties
[21:28:40] [Client thread/INFO]: [OptiFine] ConnectedTextures: mcpatcher/ctm/default/10_glass_purple/glass_pane_purple.properties
[21:28:40] [Client thread/INFO]: [OptiFine] ConnectedTextures: mcpatcher/ctm/default/10_glass_purple/glass_purple.properties
[21:28:40] [Client thread/INFO]: [OptiFine] ConnectedTextures: mcpatcher/ctm/default/11_glass_blue/glass_blue.properties
[21:28:40] [Client thread/INFO]: [OptiFine] ConnectedTextures: mcpatcher/ctm/default/11_glass_blue/glass_pane_blue.properties
[21:28:41] [Client thread/INFO]: [OptiFine] ConnectedTextures: mcpatcher/ctm/default/12_glass_brown/glass_brown.properties
[21:28:41] [Client thread/INFO]: [OptiFine] ConnectedTextures: mcpatcher/ctm/default/12_glass_brown/glass_pane_brown.properties
[21:28:41] [Client thread/INFO]: [OptiFine] ConnectedTextures: mcpatcher/ctm/default/13_glass_green/glass_green.properties
[21:28:41] [Client thread/INFO]: [OptiFine] ConnectedTextures: mcpatcher/ctm/default/13_glass_green/glass_pane_green.properties
[21:28:41] [Client thread/INFO]: [OptiFine] ConnectedTextures: mcpatcher/ctm/default/14_glass_red/glass_pane_red.properties
[21:28:41] [Client thread/INFO]: [OptiFine] ConnectedTextures: mcpatcher/ctm/default/14_glass_red/glass_red.properties
[21:28:41] [Client thread/INFO]: [OptiFine] ConnectedTextures: mcpatcher/ctm/default/15_glass_black/glass_black.properties
[21:28:41] [Client thread/INFO]: [OptiFine] ConnectedTextures: mcpatcher/ctm/default/15_glass_black/glass_pane_black.properties
[21:28:41] [Client thread/INFO]: [OptiFine] ConnectedTextures: mcpatcher/ctm/default/1_glass_orange/glass_orange.properties
[21:28:41] [Client thread/INFO]: [OptiFine] ConnectedTextures: mcpatcher/ctm/default/1_glass_orange/glass_pane_orange.properties
[21:28:41] [Client thread/INFO]: [OptiFine] ConnectedTextures: mcpatcher/ctm/default/2_glass_magenta/glass_magenta.properties
[21:28:41] [Client thread/INFO]: [OptiFine] ConnectedTextures: mcpatcher/ctm/default/2_glass_magenta/glass_pane_magenta.properties
[21:28:41] [Client thread/INFO]: [OptiFine] ConnectedTextures: mcpatcher/ctm/default/3_glass_light_blue/glass_light_blue.properties
[21:28:41] [Client thread/INFO]: [OptiFine] ConnectedTextures: mcpatcher/ctm/default/3_glass_light_blue/glass_pane_light_blue.properties
[21:28:41] [Client thread/INFO]: [OptiFine] ConnectedTextures: mcpatcher/ctm/default/4_glass_yellow/glass_pane_yellow.properties
[21:28:41] [Client thread/INFO]: [OptiFine] ConnectedTextures: mcpatcher/ctm/default/4_glass_yellow/glass_yellow.properties
[21:28:41] [Client thread/INFO]: [OptiFine] ConnectedTextures: mcpatcher/ctm/default/5_glass_lime/glass_lime.properties
[21:28:41] [Client thread/INFO]: [OptiFine] ConnectedTextures: mcpatcher/ctm/default/5_glass_lime/glass_pane_lime.properties
[21:28:41] [Client thread/INFO]: [OptiFine] ConnectedTextures: mcpatcher/ctm/default/6_glass_pink/glass_pane_pink.properties
[21:28:41] [Client thread/INFO]: [OptiFine] ConnectedTextures: mcpatcher/ctm/default/6_glass_pink/glass_pink.properties
[21:28:41] [Client thread/INFO]: [OptiFine] ConnectedTextures: mcpatcher/ctm/default/7_glass_gray/glass_gray.properties
[21:28:41] [Client thread/INFO]: [OptiFine] ConnectedTextures: mcpatcher/ctm/default/7_glass_gray/glass_pane_gray.properties
[21:28:41] [Client thread/INFO]: [OptiFine] ConnectedTextures: mcpatcher/ctm/default/8_glass_silver/glass_pane_silver.properties
[21:28:41] [Client thread/INFO]: [OptiFine] ConnectedTextures: mcpatcher/ctm/default/8_glass_silver/glass_silver.properties
[21:28:41] [Client thread/INFO]: [OptiFine] ConnectedTextures: mcpatcher/ctm/default/9_glass_cyan/glass_cyan.properties
[21:28:41] [Client thread/INFO]: [OptiFine] ConnectedTextures: mcpatcher/ctm/default/9_glass_cyan/glass_pane_cyan.properties
[21:28:41] [Client thread/INFO]: [OptiFine] ConnectedTextures: mcpatcher/ctm/default/bookshelf.properties
[21:28:41] [Client thread/INFO]: [OptiFine] ConnectedTextures: mcpatcher/ctm/default/glass.properties
[21:28:41] [Client thread/INFO]: [OptiFine] ConnectedTextures: mcpatcher/ctm/default/glasspane.properties
[21:28:41] [Client thread/INFO]: [OptiFine] ConnectedTextures: mcpatcher/ctm/default/sandstone.properties
[21:28:41] [Client thread/INFO]: [OptiFine] Multipass connected textures: false
[21:28:42] [Client thread/INFO]: [OptiFine] Texture size: textures/blocks, 1024x512
[21:28:42] [Client thread/INFO]: Created: 1024x512 textures/blocks-atlas
[21:28:42] [Client thread/INFO]: [OptiFine] Loading texture map: textures/items
[21:28:42] [Client thread/ERROR]: Using missing texture, unable to load minecraft:textures/items/flower_heal.png, java.io.FileNotFoundException
[21:28:42] [Client thread/INFO]: [OptiFine] Texture size: textures/items, 2048x1024
[21:28:42] [Client thread/INFO]: Created: 2048x1024 textures/items-atlas
[21:28:42] [Client thread/INFO]: [OptiFine] *** Reloading custom textures ***
[21:28:42] [Client thread/INFO]: [OptiFine] Loading custom colors: textures/colormap/grass.png
[21:28:42] [Client thread/INFO]: [OptiFine] Loading custom colors: textures/colormap/foliage.png
[21:28:43] [Client thread/WARN]: Unable to play unknown soundEvent: minecraft:gui.button.press
[21:28:45] [Client thread/WARN]: Unable to play unknown soundEvent: minecraft:gui.button.press
[21:28:48] [Client thread/WARN]: Unable to play unknown soundEvent: minecraft:music.menu
[21:28:49] [Client thread/INFO]: Connecting to telozia.fr, 25565
[21:28:49] [Client thread/INFO]: [CHAT] ShutDoWeed joined the game.
[21:28:49] [Client thread/INFO]: [CHAT] A new §eOptiFine§f version is available: §eHD Ultra E7§f
[21:28:55] [Client thread/WARN]: Unable to play unknown soundEvent: minecraft:step.grass
[21:28:56] [Client thread/WARN]: Unable to play unknown soundEvent: minecraft:music.game
[21:28:56] [Client thread/WARN]: Unable to play unknown soundEvent: minecraft:step.grass
[21:28:57] [Client thread/WARN]: Unable to play unknown soundEvent: minecraft:mob.cow.say
[21:28:57] [Client thread/INFO]: [CHAT] Unknown command. Type "/help" for help.
[21:28:57] [Client thread/WARN]: Unable to play unknown soundEvent: minecraft:step.grass
[21:28:58] [Client thread/INFO]: [CHAT] Plugins (0): 
[21:28:59] [Client thread/WARN]: Unable to play unknown soundEvent: minecraft:step.grass
[21:28:59] [Client thread/WARN]: Unable to play unknown soundEvent: minecraft:step.grass
[21:29:00] [Client thread/WARN]: Unable to play unknown soundEvent: minecraft:step.grass
[21:29:02] [Client thread/INFO]: [CHAT] I'm sorry, but you do not have permission to perform this command. Please contact the server administrators if you believe that this is in error.
[21:29:26] [Client thread/WARN]: Unable to play unknown soundEvent: minecraft:mob.cow.step
[21:29:28] [Client thread/WARN]: Unable to play unknown soundEvent: minecraft:mob.cow.step
[21:29:29] [Client thread/WARN]: Unable to play unknown soundEvent: minecraft:mob.cow.say
[21:29:29] [Client thread/WARN]: Unable to play unknown soundEvent: minecraft:mob.cow.step
[21:29:30] [Client thread/WARN]: Unable to play unknown soundEvent: minecraft:mob.cow.step
[21:29:32] [Client thread/WARN]: Unable to play unknown soundEvent: minecraft:mob.cow.step
[21:29:39] [Client thread/WARN]: Unable to play unknown soundEvent: minecraft:mob.cow.say
[21:29:50] [Client thread/WARN]: Unable to play unknown soundEvent: minecraft:mob.cow.say
[21:30:00] [Client thread/WARN]: Unable to play unknown soundEvent: minecraft:mob.cow.say
[21:30:10] [Client thread/WARN]: Unable to play unknown soundEvent: minecraft:mob.cow.say
[21:30:11] [Client thread/WARN]: Unable to play unknown soundEvent: minecraft:mob.cow.step
[21:30:13] [Client thread/WARN]: Unable to play unknown soundEvent: minecraft:mob.cow.step
[21:30:15] [Client thread/WARN]: Unable to play unknown soundEvent: minecraft:mob.cow.step
[21:30:16] [Client thread/WARN]: Unable to play unknown soundEvent: minecraft:mob.cow.step
[21:30:23] [Client thread/WARN]: Unable to play unknown soundEvent: minecraft:mob.cow.say
[21:31:01] [Client thread/WARN]: Unable to play unknown soundEvent: minecraft:mob.cow.step
[21:31:02] [Client thread/WARN]: Unable to play unknown soundEvent: minecraft:mob.cow.step
[21:31:03] [Client thread/WARN]: Unable to play unknown soundEvent: minecraft:mob.cow.step
[21:31:04] [Client thread/WARN]: Unable to play unknown soundEvent: minecraft:mob.cow.say
[21:31:05] [Client thread/WARN]: Unable to play unknown soundEvent: minecraft:mob.cow.step
[21:31:16] [Client thread/WARN]: Unable to play unknown soundEvent: minecraft:mob.cow.say
[21:31:20] [Client thread/WARN]: Unable to play unknown soundEvent: minecraft:mob.cow.step
[21:31:26] [Client thread/WARN]: Unable to play unknown soundEvent: minecraft:mob.cow.say
[21:31:39] [Client thread/WARN]: Unable to play unknown soundEvent: minecraft:mob.cow.say
[21:31:49] [Client thread/WARN]: Unable to play unknown soundEvent: minecraft:mob.cow.say
[21:32:01] [Client thread/WARN]: Unable to play unknown soundEvent: minecraft:mob.cow.say
[21:32:11] [Client thread/WARN]: Unable to play unknown soundEvent: minecraft:mob.cow.say
[21:32:21] [Client thread/WARN]: Unable to play unknown soundEvent: minecraft:mob.cow.say
[21:32:35] [Client thread/WARN]: Unable to play unknown soundEvent: minecraft:mob.cow.say
[21:32:40] [Client thread/WARN]: Unable to play unknown soundEvent: minecraft:mob.cow.step
[21:32:41] [Client thread/WARN]: Unable to play unknown soundEvent: minecraft:mob.cow.step
[21:32:43] [Client thread/WARN]: Unable to play unknown soundEvent: minecraft:mob.cow.step
[21:32:44] [Client thread/WARN]: Unable to play unknown soundEvent: minecraft:mob.cow.say
[21:32:47] [Client thread/WARN]: Unable to play unknown soundEvent: minecraft:mob.cow.step
[21:32:50] [Client thread/WARN]: Unable to play unknown soundEvent: minecraft:mob.cow.step
[21:33:51] [Client thread/WARN]: Unable to play unknown soundEvent: minecraft:mob.cow.step
[21:33:52] [Client thread/WARN]: Unable to play unknown soundEvent: minecraft:mob.cow.step
[21:33:54] [Client thread/WARN]: Unable to play unknown soundEvent: minecraft:mob.cow.say
[21:33:54] [Client thread/INFO]: [CHAT] <ShutDoWeed> adkbcvxiirkdfkjvjicifv!
[21:33:59] [Client thread/WARN]: Unable to play unknown soundEvent: minecraft:gui.button.press
[21:33:59] [Client thread/INFO]: [CHAT] ShutDoWeed joined the game.
[21:33:59] [Client thread/INFO]: [CHAT] Welcome, ShutDoWeed!
[21:33:59] [Client thread/INFO]: [CHAT] Type /help for a list of commands.
[21:33:59] [Client thread/INFO]: [CHAT] Type /list to see who else is online.
[21:33:59] [Client thread/INFO]: [CHAT] Players online: 1 - World time: 10:42 AM
[21:33:59] [Client thread/INFO]: [CHAT] Vous n'avez pas de courrier.
[21:33:59] [Client thread/INFO]: [CHAT] dkbcvxiirkdfkjvjicifv!
[21:33:59] [Client thread/WARN]: Failed to load texture: minecraft:textures/gui/quete-background.png
java.io.FileNotFoundException: minecraft:textures/gui/quete-background.png
	at net.minecraft.client.resources.FallbackResourceManager.getResource(FallbackResourceManager.java:62) ~[bin/:?]
	at net.minecraft.client.resources.SimpleReloadableResourceManager.getResource(SimpleReloadableResourceManager.java:64) ~[bin/:?]
	at net.minecraft.client.renderer.texture.SimpleTexture.loadTexture(SimpleTexture.java:34) ~[bin/:?]
	at net.minecraft.client.renderer.texture.TextureManager.loadTexture(TextureManager.java:102) [bin/:?]
	at net.minecraft.client.renderer.texture.TextureManager.bindTexture(TextureManager.java:51) [bin/:?]
	at fr.telozia.bastienr.GuiQuest.drawScreen(GuiQuest.java:118) [bin/:?]
	at net.minecraft.client.renderer.EntityRenderer.updateCameraAndRender(EntityRenderer.java:1439) [bin/:?]
	at net.minecraft.client.Minecraft.runGameLoop(Minecraft.java:1078) [bin/:?]
	at net.minecraft.client.Minecraft.run(Minecraft.java:974) [bin/:?]
	at net.minecraft.client.main.Main.main(Main.java:161) [bin/:?]
	at Start.main(Start.java:11) [bin/:?]
[21:33:59] [Client thread/WARN]: Failed to load texture: minecraft:textures/gui/hdv/lancer.png
java.io.FileNotFoundException: minecraft:textures/gui/hdv/lancer.png
	at net.minecraft.client.resources.FallbackResourceManager.getResource(FallbackResourceManager.java:62) ~[bin/:?]
	at net.minecraft.client.resources.SimpleReloadableResourceManager.getResource(SimpleReloadableResourceManager.java:64) ~[bin/:?]
	at net.minecraft.client.renderer.texture.SimpleTexture.loadTexture(SimpleTexture.java:34) ~[bin/:?]
	at net.minecraft.client.renderer.texture.TextureManager.loadTexture(TextureManager.java:102) [bin/:?]
	at net.minecraft.client.renderer.texture.TextureManager.bindTexture(TextureManager.java:51) [bin/:?]
	at fr.telozia.bastienr.TexturedButton.drawButton(TexturedButton.java:30) [bin/:?]
	at net.minecraft.client.gui.GuiScreen.drawScreen(GuiScreen.java:65) [bin/:?]
	at fr.telozia.bastienr.GuiQuest.drawScreen(GuiQuest.java:121) [bin/:?]
	at net.minecraft.client.renderer.EntityRenderer.updateCameraAndRender(EntityRenderer.java:1439) [bin/:?]
	at net.minecraft.client.Minecraft.runGameLoop(Minecraft.java:1078) [bin/:?]
	at net.minecraft.client.Minecraft.run(Minecraft.java:974) [bin/:?]
	at net.minecraft.client.main.Main.main(Main.java:161) [bin/:?]
	at Start.main(Start.java:11) [bin/:?]
[21:33:59] [Client thread/WARN]: Failed to load texture: minecraft:textures/gui/hdv/soon.png
java.io.FileNotFoundException: minecraft:textures/gui/hdv/soon.png
	at net.minecraft.client.resources.FallbackResourceManager.getResource(FallbackResourceManager.java:62) ~[bin/:?]
	at net.minecraft.client.resources.SimpleReloadableResourceManager.getResource(SimpleReloadableResourceManager.java:64) ~[bin/:?]
	at net.minecraft.client.renderer.texture.SimpleTexture.loadTexture(SimpleTexture.java:34) ~[bin/:?]
	at net.minecraft.client.renderer.texture.TextureManager.loadTexture(TextureManager.java:102) [bin/:?]
	at net.minecraft.client.renderer.texture.TextureManager.bindTexture(TextureManager.java:51) [bin/:?]
	at fr.telozia.bastienr.TexturedButton.drawButton(TexturedButton.java:30) [bin/:?]
	at net.minecraft.client.gui.GuiScreen.drawScreen(GuiScreen.java:65) [bin/:?]
	at fr.telozia.bastienr.GuiQuest.drawScreen(GuiQuest.java:121) [bin/:?]
	at net.minecraft.client.renderer.EntityRenderer.updateCameraAndRender(EntityRenderer.java:1439) [bin/:?]
	at net.minecraft.client.Minecraft.runGameLoop(Minecraft.java:1078) [bin/:?]
	at net.minecraft.client.Minecraft.run(Minecraft.java:974) [bin/:?]
	at net.minecraft.client.main.Main.main(Main.java:161) [bin/:?]
	at Start.main(Start.java:11) [bin/:?]
[21:34:00] [Client thread/WARN]: Failed to load texture: minecraft:textures/gui/hdv/lancer_hover.png
java.io.FileNotFoundException: minecraft:textures/gui/hdv/lancer_hover.png
	at net.minecraft.client.resources.FallbackResourceManager.getResource(FallbackResourceManager.java:62) ~[bin/:?]
	at net.minecraft.client.resources.SimpleReloadableResourceManager.getResource(SimpleReloadableResourceManager.java:64) ~[bin/:?]
	at net.minecraft.client.renderer.texture.SimpleTexture.loadTexture(SimpleTexture.java:34) ~[bin/:?]
	at net.minecraft.client.renderer.texture.TextureManager.loadTexture(TextureManager.java:102) [bin/:?]
	at net.minecraft.client.renderer.texture.TextureManager.bindTexture(TextureManager.java:51) [bin/:?]
	at fr.telozia.bastienr.TexturedButton.drawButton(TexturedButton.java:27) [bin/:?]
	at net.minecraft.client.gui.GuiScreen.drawScreen(GuiScreen.java:65) [bin/:?]
	at fr.telozia.bastienr.GuiQuest.drawScreen(GuiQuest.java:121) [bin/:?]
	at net.minecraft.client.renderer.EntityRenderer.updateCameraAndRender(EntityRenderer.java:1439) [bin/:?]
	at net.minecraft.client.Minecraft.runGameLoop(Minecraft.java:1078) [bin/:?]
	at net.minecraft.client.Minecraft.run(Minecraft.java:974) [bin/:?]
	at net.minecraft.client.main.Main.main(Main.java:161) [bin/:?]
	at Start.main(Start.java:11) [bin/:?]
[21:34:04] [Client thread/WARN]: Unable to play unknown soundEvent: minecraft:step.stone
[21:34:05] [Client thread/WARN]: Unable to play unknown soundEvent: minecraft:step.stone
[21:34:05] [Client thread/WARN]: Unable to play unknown soundEvent: minecraft:step.gravel
[21:34:06] [Client thread/WARN]: Unable to play unknown soundEvent: minecraft:step.stone
[21:34:06] [Client thread/WARN]: Unable to play unknown soundEvent: minecraft:step.gravel
[21:34:06] [Client thread/WARN]: Unable to play unknown soundEvent: minecraft:step.stone
[21:34:07] [Client thread/WARN]: Unable to play unknown soundEvent: minecraft:step.gravel
[21:34:08] [Client thread/WARN]: Unable to play unknown soundEvent: minecraft:step.gravel
[21:34:08] [Client thread/WARN]: Unable to play unknown soundEvent: minecraft:step.stone
[21:34:09] [Client thread/WARN]: Unable to play unknown soundEvent: minecraft:step.stone
[21:34:09] [Client thread/WARN]: Unable to play unknown soundEvent: minecraft:step.stone
[21:34:09] [Client thread/WARN]: Unable to play unknown soundEvent: minecraft:step.stone
[21:34:10] [Client thread/WARN]: Unable to play unknown soundEvent: minecraft:step.gravel
[21:34:11] [Client thread/WARN]: Unable to play unknown soundEvent: minecraft:step.wood
[21:34:11] [Client thread/WARN]: Unable to play unknown soundEvent: minecraft:step.wood
[21:34:12] [Client thread/WARN]: Unable to play unknown soundEvent: minecraft:step.wood
[21:34:13] [Client thread/WARN]: Unable to play unknown soundEvent: minecraft:step.wood
[21:34:13] [Client thread/WARN]: Unable to play unknown soundEvent: minecraft:step.wood
[21:34:13] [Client thread/WARN]: Unable to play unknown soundEvent: minecraft:mob.spider.say
[21:34:13] [Client thread/WARN]: Unable to play unknown soundEvent: minecraft:step.wood
[21:34:13] [Client thread/WARN]: Unable to play unknown soundEvent: minecraft:mob.spider.step
[21:34:14] [Client thread/WARN]: Unable to play unknown soundEvent: minecraft:mob.spider.step
[21:34:14] [Client thread/WARN]: Unable to play unknown soundEvent: minecraft:step.stone
[21:34:14] [Client thread/WARN]: Unable to play unknown soundEvent: minecraft:step.stone
[21:34:14] [Client thread/WARN]: Unable to play unknown soundEvent: minecraft:step.stone
[21:34:15] [Client thread/WARN]: Unable to play unknown soundEvent: minecraft:step.gravel
[21:34:15] [Client thread/WARN]: Unable to play unknown soundEvent: minecraft:step.gravel
[21:34:16] [Client thread/WARN]: Unable to play unknown soundEvent: minecraft:step.gravel
[21:34:16] [Client thread/WARN]: Unable to play unknown soundEvent: minecraft:step.stone
[21:34:17] [Client thread/WARN]: Unable to play unknown soundEvent: minecraft:step.gravel
[21:34:17] [Client thread/WARN]: Unable to play unknown soundEvent: minecraft:step.gravel
[21:34:18] [Client thread/WARN]: Unable to play unknown soundEvent: minecraft:step.gravel
[21:34:18] [Client thread/WARN]: Unable to play unknown soundEvent: minecraft:step.gravel
[21:34:19] [Client thread/WARN]: Unable to play unknown soundEvent: minecraft:step.wood
[21:34:19] [Client thread/WARN]: Unable to play unknown soundEvent: minecraft:step.grass
[21:34:19] [Client thread/WARN]: Unable to play unknown soundEvent: minecraft:step.grass
[21:34:20] [Client thread/WARN]: Unable to play unknown soundEvent: minecraft:step.gravel
[21:34:20] [Client thread/WARN]: Unable to play unknown soundEvent: minecraft:step.wood
[21:34:20] [Client thread/WARN]: Unable to play unknown soundEvent: minecraft:step.wood
[21:34:21] [Client thread/WARN]: Unable to play unknown soundEvent: minecraft:step.wood
[21:34:21] [Client thread/WARN]: Unable to play unknown soundEvent: minecraft:step.wood
[21:34:22] [Client thread/WARN]: Unable to play unknown soundEvent: minecraft:step.wood
[21:34:22] [Client thread/WARN]: Unable to play unknown soundEvent: minecraft:step.stone
[21:34:22] [Client thread/WARN]: Unable to play unknown soundEvent: minecraft:step.cloth
[21:34:23] [Client thread/WARN]: Unable to play unknown soundEvent: minecraft:step.wood
[21:34:24] [Client thread/WARN]: Unable to play unknown soundEvent: minecraft:step.gravel
[21:34:24] [Client thread/WARN]: Unable to play unknown soundEvent: minecraft:mob.cow.say
[21:34:24] [Client thread/WARN]: Unable to play unknown soundEvent: minecraft:step.gravel
[21:34:24] [Client thread/WARN]: Unable to play unknown soundEvent: minecraft:step.gravel
[21:34:25] [Client thread/WARN]: Unable to play unknown soundEvent: minecraft:step.gravel
[21:34:25] [Client thread/WARN]: Unable to play unknown soundEvent: minecraft:step.grass
[21:34:25] [Client thread/WARN]: Unable to play unknown soundEvent: minecraft:step.gravel
[21:34:26] [Client thread/WARN]: Unable to play unknown soundEvent: minecraft:step.wood
[21:34:26] [Client thread/WARN]: Unable to play unknown soundEvent: minecraft:step.wood
[21:34:27] [Client thread/WARN]: Unable to play unknown soundEvent: minecraft:mob.cow.step
[21:34:27] [Client thread/WARN]: Unable to play unknown soundEvent: minecraft:step.wood
[21:34:28] [Client thread/WARN]: Unable to play unknown soundEvent: minecraft:step.wood
[21:34:28] [Client thread/WARN]: Unable to play unknown soundEvent: minecraft:mob.horse.wood
[21:34:28] [Client thread/INFO]: [CHAT] ShutDoWeed has just earned the achievement [Taking Inventory]
[21:34:28] [Client thread/WARN]: Unable to play unknown soundEvent: minecraft:mob.cow.step
[21:34:29] [Client thread/WARN]: Unable to play unknown soundEvent: minecraft:mob.skeleton.say
[21:34:31] [Client thread/WARN]: Unable to play unknown soundEvent: minecraft:mob.horse.wood
[21:34:32] [Client thread/WARN]: Unable to play unknown soundEvent: minecraft:mob.chicken.say
[21:34:34] [Client thread/WARN]: Unable to play unknown soundEvent: minecraft:mob.chicken.step
[21:34:36] [Client thread/WARN]: Unable to play unknown soundEvent: minecraft:mob.skeleton.say
[21:34:36] [Client thread/WARN]: Unable to play unknown soundEvent: minecraft:mob.horse.idle
[21:34:41] [Client thread/WARN]: Unable to play unknown soundEvent: minecraft:mob.chicken.say
[21:34:44] [Client thread/WARN]: Unable to play unknown soundEvent: minecraft:mob.skeleton.say
[21:34:51] [Client thread/WARN]: Unable to play unknown soundEvent: minecraft:mob.chicken.say
[21:34:51] [Client thread/WARN]: Unable to play unknown soundEvent: minecraft:mob.skeleton.say
[21:34:55] [Client thread/WARN]: Unable to play unknown soundEvent: minecraft:mob.chicken.step
[21:34:55] [Client thread/WARN]: Unable to play unknown soundEvent: minecraft:mob.chicken.step
[21:34:56] [Client thread/WARN]: Unable to play unknown soundEvent: minecraft:mob.chicken.step
[21:34:57] [Client thread/WARN]: Unable to play unknown soundEvent: minecraft:mob.chicken.step
[21:34:58] [Client thread/WARN]: Unable to play unknown soundEvent: minecraft:mob.chicken.step
[21:35:00] [Client thread/WARN]: Unable to play unknown soundEvent: minecraft:mob.chicken.say
[21:35:00] [Client thread/WARN]: Unable to play unknown soundEvent: minecraft:mob.skeleton.say
[21:35:00] [Client thread/WARN]: Unable to play unknown soundEvent: minecraft:mob.cow.step
[21:35:01] [Client thread/WARN]: Unable to play unknown soundEvent: minecraft:mob.cow.step
[21:35:04] [Client thread/WARN]: Unable to play unknown soundEvent: minecraft:mob.cow.say
[21:35:04] [Client thread/WARN]: Unable to play unknown soundEvent: minecraft:mob.horse.idle
[21:35:07] [Client thread/WARN]: Unable to play unknown soundEvent: minecraft:mob.skeleton.say
[21:35:10] [Client thread/WARN]: Unable to play unknown soundEvent: minecraft:mob.chicken.say
[21:35:10] [Client thread/WARN]: Unable to play unknown soundEvent: minecraft:mob.cow.step
[21:35:10] [Client thread/WARN]: Unable to play unknown soundEvent: minecraft:mob.chicken.step
[21:35:11] [Client thread/WARN]: Unable to play unknown soundEvent: minecraft:mob.chicken.step
[21:35:11] [Client thread/WARN]: Unable to play unknown soundEvent: minecraft:mob.cow.step
[21:35:12] [Client thread/WARN]: Unable to play unknown soundEvent: minecraft:mob.chicken.step
[21:35:12] [Client thread/WARN]: Unable to play unknown soundEvent: minecraft:mob.chicken.step
[21:35:13] [Client thread/WARN]: Unable to play unknown soundEvent: minecraft:mob.chicken.step
[21:35:14] [Client thread/WARN]: Unable to play unknown soundEvent: minecraft:mob.chicken.step
[21:35:15] [Client thread/WARN]: Unable to play unknown soundEvent: minecraft:mob.skeleton.say
[21:35:21] [Client thread/WARN]: Unable to play unknown soundEvent: minecraft:mob.chicken.say
[21:35:21] [Client thread/WARN]: Unable to play unknown soundEvent: minecraft:step.grass
[21:35:23] [Client thread/WARN]: Unable to play unknown soundEvent: minecraft:step.gravel
[21:35:23] [Client thread/WARN]: Unable to play unknown soundEvent: minecraft:mob.skeleton.say
[21:35:23] [Client thread/WARN]: Unable to play unknown soundEvent: minecraft:mob.horse.wood
[21:35:25] [Client thread/WARN]: Unable to play unknown soundEvent: minecraft:mob.horse.land
[21:35:27] [Client thread/WARN]: Unable to play unknown soundEvent: minecraft:mob.cow.step
[21:35:27] [Client thread/WARN]: Unable to play unknown soundEvent: minecraft:mob.horse.soft
[21:35:27] [Client thread/WARN]: Unable to play unknown soundEvent: minecraft:mob.cow.say
[21:35:27] [Client thread/WARN]: Unable to play unknown soundEvent: minecraft:mob.horse.land
[21:35:28] [Client thread/WARN]: Unable to play unknown soundEvent: minecraft:mob.cow.step
[21:35:30] [Client thread/WARN]: Unable to play unknown soundEvent: minecraft:mob.horse.soft
[21:35:31] [Client thread/WARN]: Unable to play unknown soundEvent: minecraft:mob.cow.step
[21:35:31] [Client thread/WARN]: Unable to play unknown soundEvent: minecraft:mob.chicken.say
[21:35:31] [Client thread/WARN]: Unable to play unknown soundEvent: minecraft:mob.skeleton.say
[21:35:32] [Client thread/WARN]: Unable to play unknown soundEvent: minecraft:mob.horse.land
[21:35:32] [Client thread/WARN]: Unable to play unknown soundEvent: minecraft:mob.horse.soft
[21:35:33] [Client thread/WARN]: Unable to play unknown soundEvent: minecraft:mob.horse.idle
[21:35:37] [Client thread/WARN]: Unable to play unknown soundEvent: minecraft:mob.horse.soft
[21:35:39] [Client thread/WARN]: Unable to play unknown soundEvent: minecraft:mob.skeleton.say
[21:35:40] [Client thread/WARN]: Unable to play unknown soundEvent: minecraft:mob.cow.say
[21:35:40] [Client thread/WARN]: Unable to play unknown soundEvent: minecraft:mob.chicken.step
[21:35:40] [Client thread/WARN]: Unable to play unknown soundEvent: minecraft:mob.horse.soft
[21:35:41] [Client thread/WARN]: Unable to play unknown soundEvent: minecraft:mob.chicken.say
[21:35:47] [Client thread/WARN]: Unable to play unknown soundEvent: minecraft:mob.skeleton.say
[21:35:48] [Client thread/WARN]: Unable to play unknown soundEvent: minecraft:mob.cow.step
[21:35:49] [Client thread/WARN]: Unable to play unknown soundEvent: minecraft:mob.cow.step
[21:35:50] [Client thread/WARN]: Unable to play unknown soundEvent: minecraft:mob.cow.say
[21:35:50] [Client thread/WARN]: Unable to play unknown soundEvent: minecraft:mob.skeleton.step
[21:35:50] [Client thread/WARN]: Unable to play unknown soundEvent: minecraft:mob.cow.step
[21:35:50] [Client thread/WARN]: Unable to play unknown soundEvent: minecraft:mob.chicken.say
[21:35:51] [Client thread/WARN]: Unable to play unknown soundEvent: minecraft:mob.chicken.step
[21:35:52] [Client thread/WARN]: Unable to play unknown soundEvent: minecraft:mob.cow.step
[21:35:53] [Client thread/WARN]: Unable to play unknown soundEvent: minecraft:mob.cow.say
[21:35:54] [Client thread/WARN]: Unable to play unknown soundEvent: minecraft:mob.cow.step
[21:35:59] [Client thread/WARN]: Unable to play unknown soundEvent: minecraft:mob.chicken.say
[21:36:00] [Client thread/WARN]: Unable to play unknown soundEvent: minecraft:mob.cow.say
[21:36:00] [Client thread/WARN]: Unable to play unknown soundEvent: minecraft:mob.cow.step
[21:36:03] [Client thread/WARN]: Unable to play unknown soundEvent: minecraft:mob.cow.step
[21:36:05] [Client thread/WARN]: Unable to play unknown soundEvent: minecraft:mob.cow.say
[21:36:09] [Client thread/WARN]: Unable to play unknown soundEvent: minecraft:mob.chicken.say
[21:36:10] [Client thread/WARN]: Unable to play unknown soundEvent: minecraft:mob.cow.say
[21:36:13] [Client thread/WARN]: Unable to play unknown soundEvent: minecraft:mob.cow.say
[21:36:18] [Client thread/WARN]: Unable to play unknown soundEvent: minecraft:mob.chicken.say
[21:36:19] [Client thread/WARN]: Unable to play unknown soundEvent: minecraft:mob.cow.say
[21:36:19] [Client thread/WARN]: Unable to play unknown soundEvent: minecraft:mob.skeleton.step
[21:36:20] [Client thread/WARN]: Unable to play unknown soundEvent: minecraft:mob.skeleton.step
[21:36:25] [Client thread/WARN]: Unable to play unknown soundEvent: minecraft:mob.cow.say
[21:36:25] [Client thread/WARN]: Unable to play unknown soundEvent: minecraft:mob.skeleton.say
[21:36:27] [Client thread/WARN]: Unable to play unknown soundEvent: minecraft:mob.chicken.say
[21:36:28] [Client thread/WARN]: Unable to play unknown soundEvent: minecraft:step.grass
[21:36:30] [Client thread/WARN]: Unable to play unknown soundEvent: minecraft:step.gravel
[21:36:30] [Client thread/WARN]: Unable to play unknown soundEvent: minecraft:mob.skeleton.step
[21:36:30] [Client thread/WARN]: Unable to play unknown soundEvent: minecraft:mob.cow.say
[21:36:32] [Client thread/WARN]: Unable to play unknown soundEvent: minecraft:mob.skeleton.step
[21:36:32] [Client thread/WARN]: Unable to play unknown soundEvent: minecraft:mob.skeleton.step
[21:36:33] [Client thread/WARN]: Unable to play unknown soundEvent: minecraft:mob.skeleton.say
[21:36:34] [Client thread/WARN]: Unable to play unknown soundEvent: minecraft:mob.cow.say
[21:36:36] [Client thread/WARN]: Unable to play unknown soundEvent: minecraft:mob.chicken.say
[21:36:38] [Client thread/WARN]: Unable to play unknown soundEvent: minecraft:mob.cow.say
[21:36:41] [Client thread/WARN]: Unable to play unknown soundEvent: minecraft:mob.skeleton.say
[21:36:42] [Client thread/WARN]: Unable to play unknown soundEvent: minecraft:mob.cow.step
[21:36:44] [Client thread/WARN]: Unable to play unknown soundEvent: minecraft:mob.cow.say
[21:36:46] [Client thread/WARN]: Unable to play unknown soundEvent: minecraft:mob.chicken.say
[21:36:48] [Client thread/WARN]: Unable to play unknown soundEvent: minecraft:mob.skeleton.say
[21:36:51] [Client thread/WARN]: Unable to play unknown soundEvent: minecraft:mob.skeleton.step
[21:36:51] [Client thread/WARN]: Unable to play unknown soundEvent: minecraft:mob.cow.step
[21:36:52] [Client thread/WARN]: Unable to play unknown soundEvent: minecraft:mob.skeleton.step
[21:36:52] [Client thread/WARN]: Unable to play unknown soundEvent: minecraft:mob.cow.say
[21:36:52] [Client thread/WARN]: Unable to play unknown soundEvent: minecraft:mob.cow.step
[21:36:54] [Client thread/WARN]: Unable to play unknown soundEvent: minecraft:mob.cow.step
[21:36:54] [Client thread/WARN]: Unable to play unknown soundEvent: minecraft:mob.cow.say
[21:36:55] [Client thread/WARN]: Unable to play unknown soundEvent: minecraft:mob.cow.step
[21:36:55] [Client thread/WARN]: Unable to play unknown soundEvent: minecraft:mob.chicken.say
[21:37:02] [Client thread/WARN]: Unable to play unknown soundEvent: minecraft:mob.cow.say
[21:37:06] [Client thread/WARN]: Unable to play unknown soundEvent: minecraft:mob.chicken.say
[21:37:12] [Client thread/WARN]: Unable to play unknown soundEvent: minecraft:mob.cow.say
[21:37:17] [Client thread/WARN]: Unable to play unknown soundEvent: minecraft:mob.chicken.say
[21:37:18] [Client thread/WARN]: Unable to play unknown soundEvent: minecraft:mob.cow.step
[21:37:19] [Client thread/WARN]: Unable to play unknown soundEvent: minecraft:step.grass
[21:37:20] [Client thread/WARN]: Unable to play unknown soundEvent: minecraft:mob.cow.step
[21:37:21] [Client thread/WARN]: Unable to play unknown soundEvent: minecraft:step.gravel
[21:37:21] [Client thread/WARN]: Unable to play unknown soundEvent: minecraft:mob.skeleton.step
[21:37:22] [Client thread/WARN]: Unable to play unknown soundEvent: minecraft:mob.cow.step
[21:37:22] [Client thread/WARN]: Unable to play unknown soundEvent: minecraft:step.gravel
[21:37:23] [Client thread/WARN]: Unable to play unknown soundEvent: minecraft:mob.skeleton.say
[21:37:24] [Client thread/WARN]: Unable to play unknown soundEvent: minecraft:mob.cow.say
[21:37:29] [Client thread/WARN]: Unable to play unknown soundEvent: minecraft:mob.chicken.say
[21:37:30] [Client thread/WARN]: Unable to play unknown soundEvent: minecraft:mob.skeleton.say
[21:37:34] [Client thread/WARN]: Unable to play unknown soundEvent: minecraft:mob.cow.say
[21:37:35] [Client thread/WARN]: Unable to play unknown soundEvent: minecraft:step.gravel
[21:37:36] [Client thread/WARN]: Unable to play unknown soundEvent: minecraft:mob.skeleton.step
[21:37:37] [Client thread/WARN]: Unable to play unknown soundEvent: minecraft:step.gravel
[21:37:37] [Client thread/WARN]: Unable to play unknown soundEvent: minecraft:mob.skeleton.step
[21:37:38] [Client thread/WARN]: Unable to play unknown soundEvent: minecraft:mob.chicken.say
[21:37:44] [Client thread/WARN]: Unable to play unknown soundEvent: minecraft:mob.skeleton.step
[21:37:45] [Client thread/WARN]: Unable to play unknown soundEvent: minecraft:mob.cow.say
[21:37:45] [Client thread/WARN]: Unable to play unknown soundEvent: minecraft:mob.skeleton.step
[21:37:48] [Client thread/WARN]: Unable to play unknown soundEvent: minecraft:mob.skeleton.say
[21:37:48] [Client thread/WARN]: Unable to play unknown soundEvent: minecraft:mob.chicken.say
[21:37:54] [Client thread/WARN]: Unable to play unknown soundEvent: minecraft:mob.cow.say
[21:37:56] [Client thread/WARN]: Unable to play unknown soundEvent: minecraft:mob.skeleton.say
[21:37:57] [Client thread/WARN]: Unable to play unknown soundEvent: minecraft:mob.horse.soft
[21:37:59] [Client thread/WARN]: Unable to play unknown soundEvent: minecraft:mob.chicken.say
[21:37:59] [Client thread/WARN]: Unable to play unknown soundEvent: minecraft:mob.horse.soft
[21:38:00] [Client thread/WARN]: Unable to play unknown soundEvent: minecraft:mob.horse.idle
[21:38:03] [Client thread/WARN]: Unable to play unknown soundEvent: minecraft:mob.skeleton.say
[21:38:05] [Client thread/WARN]: Unable to play unknown soundEvent: minecraft:mob.cow.say
[21:38:10] [Client thread/WARN]: Unable to play unknown soundEvent: minecraft:mob.chicken.say
[21:38:10] [Client thread/WARN]: Unable to play unknown soundEvent: minecraft:mob.skeleton.say
[21:38:12] [Client thread/WARN]: Unable to play unknown soundEvent: minecraft:mob.horse.soft
[21:38:14] [Client thread/WARN]: Unable to play unknown soundEvent: minecraft:mob.chicken.step
[21:38:14] [Client thread/WARN]: Unable to play unknown soundEvent: minecraft:mob.cow.say
[21:38:15] [Client thread/WARN]: Unable to play unknown soundEvent: minecraft:mob.chicken.step
[21:38:16] [Client thread/WARN]: Unable to play unknown soundEvent: minecraft:mob.chicken.step
[21:38:16] [Client thread/WARN]: Unable to play unknown soundEvent: minecraft:mob.cow.step
[21:38:16] [Client thread/WARN]: Unable to play unknown soundEvent: minecraft:mob.cow.step
[21:38:17] [Client thread/WARN]: Unable to play unknown soundEvent: minecraft:mob.chicken.step
[21:38:17] [Client thread/WARN]: Unable to play unknown soundEvent: minecraft:mob.horse.wood
[21:38:17] [Client thread/WARN]: Unable to play unknown soundEvent: minecraft:mob.skeleton.say
[21:38:17] [Client thread/WARN]: Unable to play unknown soundEvent: minecraft:mob.chicken.step
[21:38:18] [Client thread/WARN]: Unable to play unknown soundEvent: minecraft:mob.cow.step
[21:38:18] [Client thread/WARN]: Unable to play unknown soundEvent: minecraft:mob.chicken.step
[21:38:19] [Client thread/WARN]: Unable to play unknown soundEvent: minecraft:mob.horse.wood
[21:38:20] [Client thread/WARN]: Unable to play unknown soundEvent: minecraft:mob.chicken.say
[21:38:20] [Client thread/WARN]: Unable to play unknown soundEvent: minecraft:mob.cow.step
[21:38:21] [Client thread/WARN]: Unable to play unknown soundEvent: minecraft:mob.cow.step
[21:38:22] [Client thread/WARN]: Unable to play unknown soundEvent: minecraft:mob.horse.soft
[21:38:23] [Client thread/WARN]: Unable to play unknown soundEvent: minecraft:mob.cow.say
[21:38:24] [Client thread/WARN]: Unable to play unknown soundEvent: minecraft:mob.cow.step
[21:38:24] [Client thread/WARN]: Unable to play unknown soundEvent: minecraft:mob.skeleton.say
[21:38:26] [Client thread/WARN]: Unable to play unknown soundEvent: minecraft:mob.cow.step
[21:38:27] [Client thread/WARN]: Unable to play unknown soundEvent: minecraft:mob.cow.step
[21:38:29] [Client thread/WARN]: Unable to play unknown soundEvent: minecraft:mob.chicken.say
[21:38:29] [Client thread/WARN]: Unable to play unknown soundEvent: minecraft:mob.horse.idle
[21:38:30] [Client thread/WARN]: Unable to play unknown soundEvent: minecraft:mob.skeleton.step
[21:38:41] [Client thread/WARN]: Unable to play unknown soundEvent: minecraft:mob.horse.soft
[21:38:41] [Client thread/WARN]: Unable to play unknown soundEvent: minecraft:mob.chicken.say
[21:38:44] [Client thread/WARN]: Unable to play unknown soundEvent: minecraft:mob.horse.wood
[21:38:50] [Client thread/WARN]: Unable to play unknown soundEvent: minecraft:mob.chicken.step
[21:38:51] [Client thread/WARN]: Unable to play unknown soundEvent: minecraft:mob.chicken.step
[21:38:52] [Client thread/WARN]: Unable to play unknown soundEvent: minecraft:mob.chicken.step
[21:38:53] [Client thread/WARN]: Unable to play unknown soundEvent: minecraft:mob.chicken.step
[21:38:54] [Client thread/WARN]: Unable to play unknown soundEvent: minecraft:mob.chicken.say
[21:38:54] [Client thread/WARN]: Unable to play unknown soundEvent: minecraft:mob.chicken.step
[21:38:56] [Client thread/WARN]: Unable to play unknown soundEvent: minecraft:mob.horse.land
[21:38:56] [Client thread/WARN]: Unable to play unknown soundEvent: minecraft:mob.horse.wood
[21:38:57] [Client thread/WARN]: Unable to play unknown soundEvent: minecraft:mob.horse.wood
[21:38:58] [Client thread/WARN]: Unable to play unknown soundEvent: minecraft:mob.horse.idle
[21:39:00] [Client thread/WARN]: Unable to play unknown soundEvent: minecraft:mob.horse.soft
[21:39:04] [Client thread/WARN]: Unable to play unknown soundEvent: minecraft:mob.chicken.say
[21:39:06] [Client thread/WARN]: Unable to play unknown soundEvent: minecraft:step.grass
[21:39:07] [Client thread/WARN]: Unable to play unknown soundEvent: minecraft:step.grass
[21:39:12] [Client thread/WARN]: Unable to play unknown soundEvent: minecraft:mob.bat.takeoff
[21:39:14] [Client thread/WARN]: Unable to play unknown soundEvent: minecraft:mob.chicken.say
[21:39:24] [Client thread/WARN]: Unable to play unknown soundEvent: minecraft:mob.chicken.say
[21:39:28] [Client thread/INFO]: [CHAT] ShutDoWeed est désormais AFK.
[21:39:34] [Client thread/WARN]: Unable to play unknown soundEvent: minecraft:mob.chicken.say
[21:39:38] [Client thread/INFO]: Stopping!
